<?xml version="1.0" encoding="UTF-8"?>
<testng-results total="1" passed="1" failed="0" skipped="0">
  <reporter-output>
  </reporter-output>
  <suite started-at="2021-02-19T11:35:56Z" name="Default suite" finished-at="2021-02-19T11:36:01Z" duration-ms="5258">
    <groups>
    </groups>
    <test started-at="2021-02-19T11:35:56Z" name="Default test" finished-at="2021-02-19T11:36:01Z" duration-ms="5258">
      <class name="selenium_api.Test_1">
        <test-method is-config="true" signature="beforeClass()[pri:0, instance:selenium_api.Test_1@7586beff]" started-at="2021-02-19T18:35:56Z" name="beforeClass" finished-at="2021-02-19T18:36:01Z" duration-ms="4994" status="PASS">
          <reporter-output>
          </reporter-output>
        </test-method> <!-- beforeClass -->
        <test-method signature="TC_01_Login_And_Add_Customer_success()[pri:0, instance:selenium_api.Test_1@7586beff]" started-at="2021-02-19T18:36:01Z" name="TC_01_Login_And_Add_Customer_success" finished-at="2021-02-19T18:36:01Z" duration-ms="256" status="PASS">
          <reporter-output>
          </reporter-output>
        </test-method> <!-- TC_01_Login_And_Add_Customer_success -->
      </class> <!-- selenium_api.Test_1 -->
    </test> <!-- Default test -->
  </suite> <!-- Default suite -->
</testng-results>
